This is pdfTeXk, Version 3.1415926-1.40.9 (Web2C 7.5.7) (format=latex 2009.4.25)  19 JUN 2009 14:32
entering extended mode
 %&-line parsing enabled.
**snmp
(./snmp.tex
LaTeX2e <2005/12/01>
Babel <v3.8l> and hyphenation patterns for english, usenglishmax, dumylang, noh
yphenation, german-x-2008-06-18, ngerman-x-2008-06-18, ancientgreek, ibycus, ar
abic, basque, bulgarian, catalan, pinyin, coptic, croatian, czech, danish, dutc
h, esperanto, estonian, farsi, finnish, french, galician, german, ngerman, mono
greek, greek, hungarian, icelandic, indonesian, interlingua, irish, italian, la
tin, mongolian, mongolian2a, bokmal, nynorsk, polish, portuguese, romanian, rus
sian, sanskrit, serbian, slovak, slovenian, spanish, swedish, turkish, ukenglis
h, ukrainian, uppersorbian, welsh, loaded.
(./sigplanconf.cls
Document Class: sigplanconf 2007/03/13 v1.5 ACM SIGPLAN Proceedings
\@numheaddepth=\count79
(/usr/local/texlive/2008/texmf-dist/tex/latex/base/article.cls
Document Class: article 2005/09/16 v1.4f Standard LaTeX document class
(/usr/local/texlive/2008/texmf-dist/tex/latex/base/size10.clo
File: size10.clo 2005/09/16 v1.4f Standard LaTeX file (size option)
)
\c@part=\count80
\c@section=\count81
\c@subsection=\count82
\c@subsubsection=\count83
\c@paragraph=\count84
\c@subparagraph=\count85
\c@figure=\count86
\c@table=\count87
\abovecaptionskip=\skip41
\belowcaptionskip=\skip42
\bibindent=\dimen102
)
\standardtextwidth=\dimen103
\standardvspace=\skip43

(/usr/local/texlive/2008/texmf-dist/tex/latex/natbib/natbib.sty
Package: natbib 2007/10/30 8.1 (PWD)
\bibhang=\skip44
\bibsep=\skip45
LaTeX Info: Redefining \cite on input line 602.
\c@NAT@ctr=\count88
)
\@sectionaboveskip=\skip46
\@sectionbelowskip=\skip47
\@subsectionaboveskip=\skip48
\@subsectionbelowskip=\skip49
\@paragraphaboveskip=\skip50
\@authorcount=\count89
\@titlenotecount=\count90
\@titlenotetext=\toks14
\@fnmark=\toks15
\@authori=\count91
\@measbox=\box26
)
(/usr/local/texlive/2008/texmf-dist/tex/latex/amsmath/amsmath.sty
Package: amsmath 2000/07/18 v2.13 AMS math features
\@mathmargin=\skip51

For additional information on amsmath, use the `?' option.
(/usr/local/texlive/2008/texmf-dist/tex/latex/amsmath/amstext.sty
Package: amstext 2000/06/29 v2.01

(/usr/local/texlive/2008/texmf-dist/tex/latex/amsmath/amsgen.sty
File: amsgen.sty 1999/11/30 v2.0
\@emptytoks=\toks16
\ex@=\dimen104
))
(/usr/local/texlive/2008/texmf-dist/tex/latex/amsmath/amsbsy.sty
Package: amsbsy 1999/11/29 v1.2d
\pmbraise@=\dimen105
)
(/usr/local/texlive/2008/texmf-dist/tex/latex/amsmath/amsopn.sty
Package: amsopn 1999/12/14 v2.01 operator names
)
\inf@bad=\count92
LaTeX Info: Redefining \frac on input line 211.
\uproot@=\count93
\leftroot@=\count94
LaTeX Info: Redefining \overline on input line 307.
\classnum@=\count95
\DOTSCASE@=\count96
LaTeX Info: Redefining \ldots on input line 379.
LaTeX Info: Redefining \dots on input line 382.
LaTeX Info: Redefining \cdots on input line 467.
\Mathstrutbox@=\box27
\strutbox@=\box28
\big@size=\dimen106
LaTeX Font Info:    Redeclaring font encoding OML on input line 567.
LaTeX Font Info:    Redeclaring font encoding OMS on input line 568.
\macc@depth=\count97
\c@MaxMatrixCols=\count98
\dotsspace@=\muskip10
\c@parentequation=\count99
\dspbrk@lvl=\count100
\tag@help=\toks17
\row@=\count101
\column@=\count102
\maxfields@=\count103
\andhelp@=\toks18
\eqnshift@=\dimen107
\alignsep@=\dimen108
\tagshift@=\dimen109
\tagwidth@=\dimen110
\totwidth@=\dimen111
\lineht@=\dimen112
\@envbody=\toks19
\multlinegap=\skip52
\multlinetaggap=\skip53
\mathdisplay@stack=\toks20
LaTeX Info: Redefining \[ on input line 2666.
LaTeX Info: Redefining \] on input line 2667.
) (./snmp.aux)
\openout1 = `snmp.aux'.

LaTeX Font Info:    Checking defaults for OML/cmm/m/it on input line 61.
LaTeX Font Info:    ... okay on input line 61.
LaTeX Font Info:    Checking defaults for T1/cmr/m/n on input line 61.
LaTeX Font Info:    ... okay on input line 61.
LaTeX Font Info:    Checking defaults for OT1/cmr/m/n on input line 61.
LaTeX Font Info:    ... okay on input line 61.
LaTeX Font Info:    Checking defaults for OMS/cmsy/m/n on input line 61.
LaTeX Font Info:    ... okay on input line 61.
LaTeX Font Info:    Checking defaults for OMX/cmex/m/n on input line 61.
LaTeX Font Info:    ... okay on input line 61.
LaTeX Font Info:    Checking defaults for U/cmr/m/n on input line 61.
LaTeX Font Info:    ... okay on input line 61.
LaTeX Font Info:    Try loading font information for OT1+ptm on input line 61.
(/usr/local/texlive/2008/texmf-dist/tex/latex/psnfss/ot1ptm.fd
File: ot1ptm.fd 2001/06/04 font definitions for OT1/ptm.
)
LaTeX Font Info:    Font shape `OT1/ptm/bx/n' in size <18> not available
(Font)              Font shape `OT1/ptm/b/n' tried instead on input line 80.
LaTeX Font Info:    Font shape `OT1/ptm/bx/n' in size <14> not available
(Font)              Font shape `OT1/ptm/b/n' tried instead on input line 80.
LaTeX Font Info:    Font shape `OT1/ptm/bx/n' in size <11> not available
(Font)              Font shape `OT1/ptm/b/n' tried instead on input line 82.
LaTeX Font Info:    Font shape `OT1/ptm/bx/n' in size <9> not available
(Font)              Font shape `OT1/ptm/b/n' tried instead on input line 98.
LaTeX Font Info:    Font shape `OT1/ptm/bx/it' in size <9> not available
(Font)              Font shape `OT1/ptm/b/it' tried instead on input line 116.

Overfull \hbox (18.16237pt too wide) in paragraph at lines 116--120
 \OT1/ptm/b/it/9 Cat-e-gories and Sub-ject De-scrip-tors \OT1/ptm/m/n/9 C.2.2 [
\OT1/ptm/m/it/9 Computer-Communication
 []


Overfull \hbox (21.09662pt too wide) in paragraph at lines 116--120
\OT1/ptm/m/n/9 tor-ing; C.2.6 [\OT1/ptm/m/it/9 Computer-Communication Net-works
\OT1/ptm/m/n/9 ]: Internetworking---
 []

LaTeX Font Info:    Try loading font information for OMS+ptm on input line 178.

(/usr/local/texlive/2008/texmf-dist/tex/latex/psnfss/omsptm.fd
File: omsptm.fd 
)
LaTeX Font Info:    Font shape `OMS/ptm/m/n' in size <8> not available
(Font)              Font shape `OMS/cmsy/m/n' tried instead on input line 178.
 [1


]
LaTeX Font Info:    Font shape `OT1/ptm/bx/sc' in size <11> not available
(Font)              Font shape `OT1/ptm/b/sc' tried instead on input line 252.

Underfull \vbox (badness 4303) has occurred while \output is active []


Overfull \hbox (0.9722pt too wide) in paragraph at lines 270--270
[]\OT1/cmtt/m/n/9 snmp:open-session (host &key port version community[] 
 []


Overfull \hbox (0.9722pt too wide) in paragraph at lines 288--288
[]\OT1/cmtt/m/n/9 > (setf s1 (snmp:open-session "binghe-debian.local"[] 
 []


Overfull \hbox (0.9722pt too wide) in paragraph at lines 288--288
[]                              \OT1/cmtt/m/n/9 :community "public"))[] 
 []

[2]
Overfull \hbox (0.9722pt too wide) in paragraph at lines 349--349
[]\OT1/cmtt/m/n/9 with-open-session ((session &rest args) &body body)[] 
 []


Overfull \hbox (0.9722pt too wide) in paragraph at lines 377--377
[]\OT1/cmtt/m/n/9 > (snmp:snmp-get "binghe-debian.local" "sysName.0")[] 
 []


Underfull \hbox (badness 1077) in paragraph at lines 393--401
\OT1/cmtt/m/n/9 ($\OMS/cmsy/m/n/9 h[]i$ $h[]i$\OT1/cmtt/m/n/9 ) \OT1/ptm/m/n/9 
or \OT1/cmtt/m/n/9 ($\OMS/cmsy/m/n/9 h[]i$ \OT1/cmtt/m/n/9 . $\OMS/cmsy/m/n/9 h
[]i$\OT1/cmtt/m/n/9 )\OT1/ptm/m/n/9 , which
 []


Overfull \hbox (5.69714pt too wide) in paragraph at lines 471--471
[]        \OT1/cmtt/m/n/9 "A list of interface entries.  The number of[] 
 []


Overfull \hbox (5.69714pt too wide) in paragraph at lines 471--471
[]         \OT1/cmtt/m/n/9 entries is given by the value of ifNumber."[] 
 []

[3]
Overfull \hbox (5.69714pt too wide) in paragraph at lines 546--546
[] \OT1/cmtt/m/n/9 (#<ASN.1:OBJECT-ID IF-MIB::ifDescr (2) [0]> "eth0")[] 
 []


Overfull \hbox (15.14703pt too wide) in paragraph at lines 546--546
[]  \OT1/cmtt/m/n/9 #<ASN.1:OBJECT-ID SNMPv2-SMI::zeroDotZero (0) [0]>))[] 
 []


Overfull \hbox (12.25824pt too wide) in paragraph at lines 547--549
\OT1/ptm/m/n/9 To re-trieve spe-cific item, the fun-tion \OT1/cmtt/m/n/9 asn.1:
slot-value-using-oid
 []


Underfull \vbox (badness 1831) has occurred while \output is active []


Overfull \hbox (0.9722pt too wide) in paragraph at lines 589--589
[]\OT1/cmtt/m/n/9 $ snmpget -v 2c -c public localhost:8161 sysDescr.0[] 
 []


Overfull \hbox (5.69714pt too wide) in paragraph at lines 589--589
[]\OT1/cmtt/m/n/9 SNMPv2-MIB::sysDescr.0 = STRING: LispWorks Personal\[] 
 []


Overfull \hbox (0.9722pt too wide) in paragraph at lines 624--624
[]\OT1/cmtt/m/n/9 register-variable (oid function &key dispatch-table[] 
 []


Overfull \hbox (10.42209pt too wide) in paragraph at lines 624--624
[]                                \OT1/cmtt/m/n/9 walk-table walk-list)[] 
 []


Overfull \hbox (0.9722pt too wide) in paragraph at lines 642--642
[]\OT1/cmtt/m/n/9 $ snmpget -v 2c -c public binghe-debian.local:8161\[] 
 []

[4]
Overfull \hbox (6.89749pt too wide) in paragraph at lines 709--716
[]\OT1/ptm/m/n/9 Above ``lispFea-ture-Name'' can re-turn all el-e-ments of \OT1
/cmtt/m/n/9 *features*
 []


Overfull \hbox (7.08344pt too wide) in paragraph at lines 717--723
\OT1/ptm/m/n/9 OID nodes must be de-fined first, like above ``sys-De-scr'' or `
`sysORUp-
 []


Overfull \hbox (10.42209pt too wide) in paragraph at lines 732--732
[]   \OT1/cmtt/m/n/9 "The string name of each element in *features*."))[] 
 []


Overfull \hbox (10.42209pt too wide) in paragraph at lines 756--756
[]  \OT1/cmtt/m/n/9 "The string name of each element in *features*.")))[] 
 []


Overfull \hbox (5.46335pt too wide) in paragraph at lines 758--763
\OT1/cmtt/m/n/9 snmp:def-scalar-variable \OT1/ptm/m/n/9 and \OT1/cmtt/m/n/9 snm
p:def-listy-mib-table\OT1/ptm/m/n/9 .
 []


Underfull \vbox (badness 2073) has occurred while \output is active []

 [5]
Underfull \hbox (badness 6792) in paragraph at lines 841--841
[] []\OT1/ptm/m/n/8 The MIB def-i-ni-tion of LISP-MIB and other LISP-*-MIBs in
 []


Underfull \hbox (badness 10000) in paragraph at lines 841--841
\OT1/ptm/m/n/8 ASN.1 can be found in \OT1/ptm/m/sc/8 cl-net-snmp\OT1/ptm/m/n/8 
's Sub-ver-sion repos-i-tory:
 []


Underfull \hbox (badness 10000) in paragraph at lines 841--841
\OT1/cmtt/m/n/8 https://cl-net-snmp.svn.sourceforge.net/svnroot/cl-net-
 []


Overfull \hbox (5.50342pt too wide) in paragraph at lines 1020--1020
[] []\OT1/cmtt/m/n/8 http://common-lisp.net/projects/cl-net-snmp/usocket.html| 

 []

[6]
Overfull \hbox (2.5241pt too wide) in paragraph at lines 1127--1136
[]\OT1/ptm/m/n/9 Another typ-i-cal ex-am-ple is the en-cod-ing of an ASN.1 \OT1
/cmtt/m/n/9 SEQUENCE\OT1/ptm/m/n/9 .
 []


Overfull \hbox (5.69714pt too wide) in paragraph at lines 1161--1161
[]                 \OT1/cmtt/m/n/9 (ber-encode-type 0 0 +asn-integer+)[] 
 []

[7]
LaTeX Font Info:    Try loading font information for OMS+cmtt on input line 131
8.
LaTeX Font Info:    No file OMScmtt.fd. on input line 1318.


LaTeX Font Warning: Font shape `OMS/cmtt/m/n' undefined
(Font)              using `OMS/cmsy/m/n' instead
(Font)              for symbol `textbraceleft' on input line 1318.


Overfull \hbox (15.52234pt too wide) in paragraph at lines 1314--1331
 [][] 
 []

[8]
Overfull \hbox (5.69714pt too wide) in paragraph at lines 1392--1392
[] \OT1/cmtt/m/n/9 #<ASN.1:OBJECT-ID SNMPv2-SMI::zeroDotZero (0) [0]>)[] 
 []


Overfull \hbox (1.16394pt too wide) in paragraph at lines 1402--1404
[]\OT1/ptm/m/n/9 The in-ter-nal work of SNMP in-ter-face func-tions is rather s
traight-
 []

[9] [10] (./snmp.aux)

LaTeX Font Warning: Some font shapes were not available, defaults substituted.

 ) 
Here is how much of TeX's memory you used:
 1371 strings out of 493887
 15635 string characters out of 1151122
 82717 words of memory out of 3000000
 4676 multiletter control sequences out of 10000+50000
 17633 words of font info for 48 fonts, out of 3000000 for 5000
 714 hyphenation exceptions out of 8191
 29i,7n,22p,196b,255s stack positions out of 5000i,500n,10000p,200000b,50000s

Output written on snmp.dvi (10 pages, 71152 bytes).
